0 info it worked if it ends with ok
1 verbose cli [ '/usr/local/bin/node',
1 verbose cli   '/usr/local/bin/npm',
1 verbose cli   'run',
1 verbose cli   'deploy-gh-pages' ]
2 info using npm@3.10.9
3 info using node@v6.3.1
4 verbose run-script [ 'predeploy-gh-pages',
4 verbose run-script   'deploy-gh-pages',
4 verbose run-script   'postdeploy-gh-pages' ]
5 info lifecycle Athons@1.0.0~predeploy-gh-pages: Athons@1.0.0
6 silly lifecycle Athons@1.0.0~predeploy-gh-pages: no script for predeploy-gh-pages, continuing
7 info lifecycle Athons@1.0.0~deploy-gh-pages: Athons@1.0.0
8 verbose lifecycle Athons@1.0.0~deploy-gh-pages: unsafe-perm in lifecycle true
9 verbose lifecycle Athons@1.0.0~deploy-gh-pages: PATH: /usr/local/lib/node_modules/npm/bin/node-gyp-bin:/Users/Andysign/projects/freeTnS/node_modules/.bin:/Users/Andysign/andyqq1/google-cloud-sdk/bin:/Library/Frameworks/Python.framework/Versions/3.5/bin:/usr/local/bin:/usr/bin:/bin:/usr/sbin:/sbin:/usr/local/git/bin:/Users/Andysign/.vimpkg/bin
10 verbose lifecycle Athons@1.0.0~deploy-gh-pages: CWD: /Users/Andysign/projects/freeTnS
11 silly lifecycle Athons@1.0.0~deploy-gh-pages: Args: [ '-c',
11 silly lifecycle   'npm run build && git subtree push --prefix dist origin gh-pages' ]
12 silly lifecycle Athons@1.0.0~deploy-gh-pages: Returned: code: 1  signal: null
13 info lifecycle Athons@1.0.0~deploy-gh-pages: Failed to exec deploy-gh-pages script
14 verbose stack Error: Athons@1.0.0 deploy-gh-pages: `npm run build && git subtree push --prefix dist origin gh-pages`
14 verbose stack Exit status 1
14 verbose stack     at EventEmitter.<anonymous> (/usr/local/lib/node_modules/npm/lib/utils/lifecycle.js:255:16)
14 verbose stack     at emitTwo (events.js:106:13)
14 verbose stack     at EventEmitter.emit (events.js:191:7)
14 verbose stack     at ChildProcess.<anonymous> (/usr/local/lib/node_modules/npm/lib/utils/spawn.js:40:14)
14 verbose stack     at emitTwo (events.js:106:13)
14 verbose stack     at ChildProcess.emit (events.js:191:7)
14 verbose stack     at maybeClose (internal/child_process.js:852:16)
14 verbose stack     at Process.ChildProcess._handle.onexit (internal/child_process.js:215:5)
15 verbose pkgid Athons@1.0.0
16 verbose cwd /Users/Andysign/projects/freeTnS
17 error Darwin 16.3.0
18 error argv "/usr/local/bin/node" "/usr/local/bin/npm" "run" "deploy-gh-pages"
19 error node v6.3.1
20 error npm  v3.10.9
21 error code ELIFECYCLE
22 error Athons@1.0.0 deploy-gh-pages: `npm run build && git subtree push --prefix dist origin gh-pages`
22 error Exit status 1
23 error Failed at the Athons@1.0.0 deploy-gh-pages script 'npm run build && git subtree push --prefix dist origin gh-pages'.
23 error Make sure you have the latest version of node.js and npm installed.
23 error If you do, this is most likely a problem with the Athons package,
23 error not with npm itself.
23 error Tell the author that this fails on your system:
23 error     npm run build && git subtree push --prefix dist origin gh-pages
23 error You can get information on how to open an issue for this project with:
23 error     npm bugs Athons
23 error Or if that isn't available, you can get their info via:
23 error     npm owner ls Athons
23 error There is likely additional logging output above.
24 verbose exit [ 1, true ]
